<?xml version="1.0" encoding="UTF-8"?>
<testng-results total="1" passed="0" failed="1" skipped="0">
  <reporter-output>
  </reporter-output>
  <suite started-at="2019-07-20T16:36:53Z" name="Default suite" finished-at="2019-07-20T16:37:12Z" duration-ms="18220">
    <groups>
    </groups>
    <test started-at="2019-07-20T16:36:53Z" name="Default test" finished-at="2019-07-20T16:37:12Z" duration-ms="18220">
      <class name="com.test.TestUploadFile">
        <test-method is-config="true" signature="startReport()[pri:0, instance:com.test.TestUploadFile@40005471]" started-at="2019-07-20T12:36:53Z" name="startReport" finished-at="2019-07-20T12:36:54Z" duration-ms="298" status="PASS">
          <reporter-output>
          </reporter-output>
        </test-method> <!-- startReport -->
        <test-method is-config="true" signature="setUp()[pri:0, instance:com.test.TestUploadFile@40005471]" started-at="2019-07-20T12:36:54Z" name="setUp" finished-at="2019-07-20T12:37:05Z" duration-ms="10824" status="PASS">
          <reporter-output>
          </reporter-output>
        </test-method> <!-- setUp -->
        <test-method signature="downloadFileBeforeUpdate()[pri:0, instance:com.test.TestUploadFile@40005471]" started-at="2019-07-20T12:37:05Z" name="downloadFileBeforeUpdate" finished-at="2019-07-20T12:37:11Z" duration-ms="6189" status="FAIL">
          <exception class="java.lang.NullPointerException">
            <full-stacktrace>
              <![CDATA[java.lang.NullPointerException
	at com.pages.ifDownloadFile.isFileDownloaded(ifDownloadFile.java:25)
	at com.test.TestUploadFile.downloadFileBeforeUpdate(TestUploadFile.java:105)
	at java.base/jdk.internal.reflect.NativeMethodAccessorImpl.invoke0(Native Method)
	at java.base/jdk.internal.reflect.NativeMethodAccessorImpl.invoke(NativeMethodAccessorImpl.java:62)
	at java.base/jdk.internal.reflect.DelegatingMethodAccessorImpl.invoke(DelegatingMethodAccessorImpl.java:43)
	at java.base/java.lang.reflect.Method.invoke(Method.java:566)
	at org.testng.internal.MethodInvocationHelper.invokeMethod(MethodInvocationHelper.java:80)
	at org.testng.internal.Invoker.invokeMethod(Invoker.java:714)
	at org.testng.internal.Invoker.invokeTestMethod(Invoker.java:901)
	at org.testng.internal.Invoker.invokeTestMethods(Invoker.java:1231)
	at org.testng.internal.TestMethodWorker.invokeTestMethods(TestMethodWorker.java:127)
	at org.testng.internal.TestMethodWorker.run(TestMethodWorker.java:111)
	at org.testng.TestRunner.privateRun(TestRunner.java:767)
	at org.testng.TestRunner.run(TestRunner.java:617)
	at org.testng.SuiteRunner.runTest(SuiteRunner.java:334)
	at org.testng.SuiteRunner.runSequentially(SuiteRunner.java:329)
	at org.testng.SuiteRunner.privateRun(SuiteRunner.java:291)
	at org.testng.SuiteRunner.run(SuiteRunner.java:240)
	at org.testng.SuiteRunnerWorker.runSuite(SuiteRunnerWorker.java:52)
	at org.testng.SuiteRunnerWorker.run(SuiteRunnerWorker.java:86)
	at org.testng.TestNG.runSuitesSequentially(TestNG.java:1198)
	at org.testng.TestNG.runSuitesLocally(TestNG.java:1123)
	at org.testng.TestNG.run(TestNG.java:1031)
	at org.testng.remote.AbstractRemoteTestNG.run(AbstractRemoteTestNG.java:115)
	at org.testng.remote.RemoteTestNG.initAndRun(RemoteTestNG.java:251)
	at org.testng.remote.RemoteTestNG.main(RemoteTestNG.java:77)
]]>
            </full-stacktrace>
          </exception> <!-- java.lang.NullPointerException -->
          <reporter-output>
          </reporter-output>
        </test-method> <!-- downloadFileBeforeUpdate -->
        <test-method is-config="true" signature="getResult(org.testng.ITestResult)[pri:0, instance:com.test.TestUploadFile@40005471]" started-at="2019-07-20T12:37:11Z" name="getResult" finished-at="2019-07-20T12:37:11Z" duration-ms="547" status="PASS">
          <params>
            <param index="0">
              <value>
                <![CDATA[[TestResult name=downloadFileBeforeUpdate status=FAILURE method=TestUploadFile.downloadFileBeforeUpdate()[pri:0, instance:com.test.TestUploadFile@40005471] output={null}]]]>
              </value>
            </param>
          </params>
          <reporter-output>
          </reporter-output>
        </test-method> <!-- getResult -->
        <test-method is-config="true" signature="endReport()[pri:0, instance:com.test.TestUploadFile@40005471]" started-at="2019-07-20T12:37:11Z" name="endReport" finished-at="2019-07-20T12:37:12Z" duration-ms="340" status="PASS">
          <reporter-output>
          </reporter-output>
        </test-method> <!-- endReport -->
      </class> <!-- com.test.TestUploadFile -->
    </test> <!-- Default test -->
  </suite> <!-- Default suite -->
</testng-results>
